<?xml version="1.0" encoding="UTF-8"?>
<testng-results ignored="0" total="1" passed="1" failed="0" skipped="0">
  <reporter-output>
  </reporter-output>
  <suite started-at="2021-06-01T16:10:11 TRT" name="Default suite" finished-at="2021-06-01T16:10:22 TRT" duration-ms="11318">
    <groups>
    </groups>
    <test started-at="2021-06-01T16:10:11 TRT" name="Default test" finished-at="2021-06-01T16:10:22 TRT" duration-ms="11318">
      <class name="devqa.Post01_Request">
        <test-method signature="postRequest()[pri:0, instance:devqa.Post01_Request@48aaecc3]" started-at="2021-06-01T16:10:11 TRT" name="postRequest" finished-at="2021-06-01T16:10:22 TRT" duration-ms="11273" status="PASS">
          <reporter-output>
          </reporter-output>
        </test-method> <!-- postRequest -->
      </class> <!-- devqa.Post01_Request -->
    </test> <!-- Default test -->
  </suite> <!-- Default suite -->
</testng-results>
