<?xml version="1.0" encoding="UTF-8"?>
<testng-results ignored="0" total="1" passed="1" failed="0" skipped="0">
  <reporter-output>
  </reporter-output>
  <suite started-at="2021-05-29T17:49:58 EET" name="Default suite" finished-at="2021-05-29T17:50:04 EET" duration-ms="5746">
    <groups>
    </groups>
    <test started-at="2021-05-29T17:49:58 EET" name="Default test" finished-at="2021-05-29T17:50:04 EET" duration-ms="5746">
      <class name="sdet.Get01">
        <test-method signature="getAllEmployee()[pri:0, instance:sdet.Get01@770d3326]" started-at="2021-05-29T17:49:58 EET" name="getAllEmployee" finished-at="2021-05-29T17:50:04 EET" duration-ms="5672" status="PASS">
          <reporter-output>
          </reporter-output>
        </test-method> <!-- getAllEmployee -->
      </class> <!-- sdet.Get01 -->
    </test> <!-- Default test -->
  </suite> <!-- Default suite -->
</testng-results>
